<?xml version="1.0" encoding="UTF-8"?>
<testng-results ignored="0" total="1" passed="1" failed="0" skipped="0">
  <reporter-output>
  </reporter-output>
  <suite started-at="2023-07-06T11:18:56 IST" name="Default suite" finished-at="2023-07-06T11:19:29 IST" duration-ms="33123">
    <groups>
    </groups>
    <test started-at="2023-07-06T11:18:56 IST" name="Default test" finished-at="2023-07-06T11:19:29 IST" duration-ms="33123">
      <class name="Test1.Naveentest">
        <test-method is-config="true" signature="setup()[pri:0, instance:Test1.Naveentest@52af26ee]" started-at="2023-07-06T11:18:56 IST" name="setup" finished-at="2023-07-06T11:19:01 IST" duration-ms="4821" status="PASS">
          <reporter-output>
          </reporter-output>
        </test-method> <!-- setup -->
        <test-method signature="testing()[pri:0, instance:Test1.Naveentest@52af26ee]" started-at="2023-07-06T11:19:01 IST" name="testing" finished-at="2023-07-06T11:19:29 IST" duration-ms="28257" status="PASS">
          <reporter-output>
          </reporter-output>
        </test-method> <!-- testing -->
      </class> <!-- Test1.Naveentest -->
    </test> <!-- Default test -->
  </suite> <!-- Default suite -->
</testng-results>
